<?xml version="1.0" encoding="UTF-8"?>
<testsuite xmlns:xsi="http://www.w3.org/2001/XMLSchema-instance" xsi:noNamespaceSchemaLocation="https://maven.apache.org/surefire/maven-surefire-plugin/xsd/surefire-test-report.xsd" version="3.0.2" name="com.banco.reactivo.BancoReactivoApplicationTests" time="2.728" tests="1" errors="0" skipped="0" failures="0">
  <properties>
[...]
</properties>
  <testcase name="contextLoads" classname="com.banco.reactivo.BancoReactivoApplicationTests" time="0.559">
    <system-out><![CDATA[01:45:26.367 [main] INFO org.springframework.test.context.support.AnnotationConfigContextLoaderUtils -- Could not detect default configuration classes for test class [com.banco.reactivo.BancoReactivoApplicationTests]: BancoReactivoApplicationTests does not declare any static, non-private, non-final, nested classes annotated with @Configuration.
01:45:26.469 [main] INFO org.springframework.boot.test.context.SpringBootTestContextBootstrapper -- Found @SpringBootConfiguration com.banco.reactivo.BancoReactivoApplication for test class com.banco.reactivo.BancoReactivoApplicationTests

  .   ____          _            __ _ _
 /\\ / ___'_ __ _ _(_)_ __  __ _ \ \ \ \
( ( )\___ | '_ | '_| | '_ \/ _` | \ \ \ \
 \\/  ___)| |_)| | | | | || (_| |  ) ) ) )
  '  |____| .__|_| |_|_| |_\__, | / / / /
 =========|_|==============|___/=/_/_/_/

 :: Spring Boot ::                (v3.5.7)

2025-11-11T01:45:26.822-05:00  INFO 19348 --- [banco-reactivo] [           main] c.b.r.BancoReactivoApplicationTests      : Starting BancoReactivoApplicationTests using Java 25 with PID 19348 (started by lsard in C:\Users\lsard\IdeaProjects\banco-reactivo)
2025-11-11T01:45:26.824-05:00  INFO 19348 --- [banco-reactivo] [           main] c.b.r.BancoReactivoApplicationTests      : No active profile set, falling back to 1 default profile: "default"
2025-11-11T01:45:27.317-05:00  INFO 19348 --- [banco-reactivo] [           main] .s.d.r.c.RepositoryConfigurationDelegate : Bootstrapping Spring Data R2DBC repositories in DEFAULT mode.
2025-11-11T01:45:27.424-05:00  INFO 19348 --- [banco-reactivo] [           main] .s.d.r.c.RepositoryConfigurationDelegate : Finished Spring Data repository scanning in 102 ms. Found 2 R2DBC repository interfaces.
2025-11-11T01:45:28.402-05:00  INFO 19348 --- [banco-reactivo] [           main] c.b.r.BancoReactivoApplicationTests      : Started BancoReactivoApplicationTests in 1.803 seconds (process running for 2.612)
]]></system-out>
    <system-err><![CDATA[Mockito is currently self-attaching to enable the inline-mock-maker. This will no longer work in future releases of the JDK. Please add Mockito as an agent to your build as described in Mockito's documentation: https://javadoc.io/doc/org.mockito/mockito-core/latest/org.mockito/org/mockito/Mockito.html#0.3
WARNING: A Java agent has been loaded dynamically (C:\Users\lsard\.m2\repository\net\bytebuddy\byte-buddy-agent\1.17.8\byte-buddy-agent-1.17.8.jar)
WARNING: If a serviceability tool is in use, please run with -XX:+EnableDynamicAgentLoading to hide this warning
WARNING: If a serviceability tool is not in use, please run with -Djdk.instrument.traceUsage for more information
WARNING: Dynamic loading of agents will be disallowed by default in a future release
]]></system-err>
  </testcase>
</testsuite>